<?xml version="1.0" encoding="UTF-8"?>
<!-- Generated by org.testng.reporters.JUnitReportReporter -->
<testsuite hostname="DESKTOP-U83UI9R" failures="0" tests="1" name="com.Demo.Testcases.TC01_First" time="1.805" errors="0" timestamp="2023-09-17T21:49:57 IST" skipped="0">
  <testcase classname="com.Demo.Testcases.TC01_First" name="loginCheck" time="1.805"/>
</testsuite> <!-- com.Demo.Testcases.TC01_First -->
