<?xml version="1.0" encoding="UTF-8"?>
<!-- Generated by org.testng.reporters.JUnitReportReporter -->
<testsuite hostname="DESKTOP-U83UI9R" failures="0" tests="1" name="com.First.FirstScript" time="5.309" errors="0" timestamp="2023-09-10T10:31:05 IST" skipped="0">
  <testcase classname="com.First.FirstScript" name="demo" time="5.309"/>
</testsuite> <!-- com.First.FirstScript -->
